TypeError: Cannot read property '0' of undefined
    at app.post.temp (/home/ec2-user/stamp.fm/server/server.js:772:22)
    at callbacks (/home/ec2-user/stamp.fm/server/node_modules/express/lib/router/index.js:161:37)
    at param (/home/ec2-user/stamp.fm/server/node_modules/express/lib/router/index.js:135:11)
    at pass (/home/ec2-user/stamp.fm/server/node_modules/express/lib/router/index.js:142:5)
    at Router._dispatch (/home/ec2-user/stamp.fm/server/node_modules/express/lib/router/index.js:170:5)
    at Object.router (/home/ec2-user/stamp.fm/server/node_modules/express/lib/router/index.js:33:10)
    at Context.next (/home/ec2-user/stamp.fm/server/node_modules/express/node_modules/connect/lib/proto.js:190:15)
    at Context.actions.pass (/home/ec2-user/stamp.fm/server/node_modules/passport/lib/passport/context/http/actions.js:77:8)
    at SessionStrategy.authenticate (/home/ec2-user/stamp.fm/server/node_modules/passport/lib/passport/strategies/session.js:67:10)
    at attempt (/home/ec2-user/stamp.fm/server/node_modules/passport/lib/passport/middleware/authenticate.js:243:16)
TypeError: Cannot read property '0' of undefined
    at app.post.temp (/home/ec2-user/stamp.fm/server/server.js:772:22)
    at callbacks (/home/ec2-user/stamp.fm/server/node_modules/express/lib/router/index.js:161:37)
    at param (/home/ec2-user/stamp.fm/server/node_modules/express/lib/router/index.js:135:11)
    at pass (/home/ec2-user/stamp.fm/server/node_modules/express/lib/router/index.js:142:5)
    at Router._dispatch (/home/ec2-user/stamp.fm/server/node_modules/express/lib/router/index.js:170:5)
    at Object.router (/home/ec2-user/stamp.fm/server/node_modules/express/lib/router/index.js:33:10)
    at Context.next (/home/ec2-user/stamp.fm/server/node_modules/express/node_modules/connect/lib/proto.js:190:15)
    at Context.actions.pass (/home/ec2-user/stamp.fm/server/node_modules/passport/lib/passport/context/http/actions.js:77:8)
    at SessionStrategy.authenticate (/home/ec2-user/stamp.fm/server/node_modules/passport/lib/passport/strategies/session.js:67:10)
    at attempt (/home/ec2-user/stamp.fm/server/node_modules/passport/lib/passport/middleware/authenticate.js:243:16)
TypeError: Cannot read property '0' of undefined
    at app.post.temp (/home/ec2-user/stamp.fm/server/server.js:772:22)
    at callbacks (/home/ec2-user/stamp.fm/server/node_modules/express/lib/router/index.js:161:37)
    at param (/home/ec2-user/stamp.fm/server/node_modules/express/lib/router/index.js:135:11)
    at pass (/home/ec2-user/stamp.fm/server/node_modules/express/lib/router/index.js:142:5)
    at Router._dispatch (/home/ec2-user/stamp.fm/server/node_modules/express/lib/router/index.js:170:5)
    at Object.router (/home/ec2-user/stamp.fm/server/node_modules/express/lib/router/index.js:33:10)
    at Context.next (/home/ec2-user/stamp.fm/server/node_modules/express/node_modules/connect/lib/proto.js:190:15)
    at Context.actions.pass (/home/ec2-user/stamp.fm/server/node_modules/passport/lib/passport/context/http/actions.js:77:8)
    at SessionStrategy.authenticate (/home/ec2-user/stamp.fm/server/node_modules/passport/lib/passport/strategies/session.js:67:10)
    at attempt (/home/ec2-user/stamp.fm/server/node_modules/passport/lib/passport/middleware/authenticate.js:243:16)
TypeError: Cannot read property '0' of undefined
    at app.post.temp (/home/ec2-user/stamp.fm/server/server.js:772:22)
    at callbacks (/home/ec2-user/stamp.fm/server/node_modules/express/lib/router/index.js:161:37)
    at param (/home/ec2-user/stamp.fm/server/node_modules/express/lib/router/index.js:135:11)
    at pass (/home/ec2-user/stamp.fm/server/node_modules/express/lib/router/index.js:142:5)
    at Router._dispatch (/home/ec2-user/stamp.fm/server/node_modules/express/lib/router/index.js:170:5)
    at Object.router (/home/ec2-user/stamp.fm/server/node_modules/express/lib/router/index.js:33:10)
    at Context.next (/home/ec2-user/stamp.fm/server/node_modules/express/node_modules/connect/lib/proto.js:190:15)
    at Context.actions.pass (/home/ec2-user/stamp.fm/server/node_modules/passport/lib/passport/context/http/actions.js:77:8)
    at SessionStrategy.authenticate (/home/ec2-user/stamp.fm/server/node_modules/passport/lib/passport/strategies/session.js:67:10)
    at attempt (/home/ec2-user/stamp.fm/server/node_modules/passport/lib/passport/middleware/authenticate.js:243:16)
TypeError: Cannot read property '0' of undefined
    at app.post.temp (/home/ec2-user/stamp.fm/server/server.js:772:22)
    at callbacks (/home/ec2-user/stamp.fm/server/node_modules/express/lib/router/index.js:161:37)
    at param (/home/ec2-user/stamp.fm/server/node_modules/express/lib/router/index.js:135:11)
    at pass (/home/ec2-user/stamp.fm/server/node_modules/express/lib/router/index.js:142:5)
    at Router._dispatch (/home/ec2-user/stamp.fm/server/node_modules/express/lib/router/index.js:170:5)
    at Object.router (/home/ec2-user/stamp.fm/server/node_modules/express/lib/router/index.js:33:10)
    at Context.next (/home/ec2-user/stamp.fm/server/node_modules/express/node_modules/connect/lib/proto.js:190:15)
    at Context.actions.pass (/home/ec2-user/stamp.fm/server/node_modules/passport/lib/passport/context/http/actions.js:77:8)
    at SessionStrategy.authenticate (/home/ec2-user/stamp.fm/server/node_modules/passport/lib/passport/strategies/session.js:67:10)
    at attempt (/home/ec2-user/stamp.fm/server/node_modules/passport/lib/passport/middleware/authenticate.js:243:16)
TypeError: Cannot read property '0' of undefined
    at app.get.pid (/home/ec2-user/stamp.fm/server/server.js:733:22)
    at callbacks (/home/ec2-user/stamp.fm/server/node_modules/express/lib/router/index.js:161:37)
    at param (/home/ec2-user/stamp.fm/server/node_modules/express/lib/router/index.js:135:11)
    at pass (/home/ec2-user/stamp.fm/server/node_modules/express/lib/router/index.js:142:5)
    at Router._dispatch (/home/ec2-user/stamp.fm/server/node_modules/express/lib/router/index.js:170:5)
    at Object.router (/home/ec2-user/stamp.fm/server/node_modules/express/lib/router/index.js:33:10)
    at Context.next (/home/ec2-user/stamp.fm/server/node_modules/express/node_modules/connect/lib/proto.js:190:15)
    at Context.actions.pass (/home/ec2-user/stamp.fm/server/node_modules/passport/lib/passport/context/http/actions.js:77:8)
    at SessionStrategy.authenticate (/home/ec2-user/stamp.fm/server/node_modules/passport/lib/passport/strategies/session.js:67:10)
    at attempt (/home/ec2-user/stamp.fm/server/node_modules/passport/lib/passport/middleware/authenticate.js:243:16)
TypeError: Cannot read property '0' of undefined
    at app.get.pid (/home/ec2-user/stamp.fm/server/server.js:733:22)
    at callbacks (/home/ec2-user/stamp.fm/server/node_modules/express/lib/router/index.js:161:37)
    at param (/home/ec2-user/stamp.fm/server/node_modules/express/lib/router/index.js:135:11)
    at pass (/home/ec2-user/stamp.fm/server/node_modules/express/lib/router/index.js:142:5)
    at Router._dispatch (/home/ec2-user/stamp.fm/server/node_modules/express/lib/router/index.js:170:5)
    at Object.router (/home/ec2-user/stamp.fm/server/node_modules/express/lib/router/index.js:33:10)
    at Context.next (/home/ec2-user/stamp.fm/server/node_modules/express/node_modules/connect/lib/proto.js:190:15)
    at Context.actions.pass (/home/ec2-user/stamp.fm/server/node_modules/passport/lib/passport/context/http/actions.js:77:8)
    at SessionStrategy.authenticate (/home/ec2-user/stamp.fm/server/node_modules/passport/lib/passport/strategies/session.js:67:10)
    at attempt (/home/ec2-user/stamp.fm/server/node_modules/passport/lib/passport/middleware/authenticate.js:243:16)
Error: Request aborted
    at IncomingMessage.<anonymous> (/home/ec2-user/stamp.fm/server/node_modules/express/node_modules/connect/node_modules/formidable/lib/incoming_form.js:84:19)
    at IncomingMessage.EventEmitter.emit (events.js:92:17)
    at abortIncoming (http.js:1881:11)
    at Socket.serverSocketCloseListener (http.js:1893:5)
    at Socket.EventEmitter.emit (events.js:117:20)
    at TCP.close (net.js:465:12)
Error: Request aborted
    at IncomingMessage.<anonymous> (/home/ec2-user/stamp.fm/server/node_modules/express/node_modules/connect/node_modules/formidable/lib/incoming_form.js:84:19)
    at IncomingMessage.EventEmitter.emit (events.js:92:17)
    at abortIncoming (http.js:1881:11)
    at Socket.serverSocketCloseListener (http.js:1893:5)
    at Socket.EventEmitter.emit (events.js:117:20)
    at TCP.close (net.js:465:12)
TypeError: Cannot read property '0' of undefined
    at app.post.db.users.find.res.send.error (/home/ec2-user/stamp.fm/server/server.js:163:22)
    at callbacks (/home/ec2-user/stamp.fm/server/node_modules/express/lib/router/index.js:161:37)
    at param (/home/ec2-user/stamp.fm/server/node_modules/express/lib/router/index.js:135:11)
    at pass (/home/ec2-user/stamp.fm/server/node_modules/express/lib/router/index.js:142:5)
    at Router._dispatch (/home/ec2-user/stamp.fm/server/node_modules/express/lib/router/index.js:170:5)
    at Object.router (/home/ec2-user/stamp.fm/server/node_modules/express/lib/router/index.js:33:10)
    at Context.next (/home/ec2-user/stamp.fm/server/node_modules/express/node_modules/connect/lib/proto.js:190:15)
    at Context.actions.pass (/home/ec2-user/stamp.fm/server/node_modules/passport/lib/passport/context/http/actions.js:77:8)
    at SessionStrategy.authenticate (/home/ec2-user/stamp.fm/server/node_modules/passport/lib/passport/strategies/session.js:67:10)
    at attempt (/home/ec2-user/stamp.fm/server/node_modules/passport/lib/passport/middleware/authenticate.js:243:16)
TypeError: Cannot read property '0' of undefined
    at app.post.db.users.find.res.send.error (/home/ec2-user/stamp.fm/server/server.js:163:22)
    at callbacks (/home/ec2-user/stamp.fm/server/node_modules/express/lib/router/index.js:161:37)
    at param (/home/ec2-user/stamp.fm/server/node_modules/express/lib/router/index.js:135:11)
    at pass (/home/ec2-user/stamp.fm/server/node_modules/express/lib/router/index.js:142:5)
    at Router._dispatch (/home/ec2-user/stamp.fm/server/node_modules/express/lib/router/index.js:170:5)
    at Object.router (/home/ec2-user/stamp.fm/server/node_modules/express/lib/router/index.js:33:10)
    at Context.next (/home/ec2-user/stamp.fm/server/node_modules/express/node_modules/connect/lib/proto.js:190:15)
    at Context.actions.pass (/home/ec2-user/stamp.fm/server/node_modules/passport/lib/passport/context/http/actions.js:77:8)
    at SessionStrategy.authenticate (/home/ec2-user/stamp.fm/server/node_modules/passport/lib/passport/strategies/session.js:67:10)
    at attempt (/home/ec2-user/stamp.fm/server/node_modules/passport/lib/passport/middleware/authenticate.js:243:16)
TypeError: Cannot read property '0' of undefined
    at app.post.db.users.find.res.send.error (/home/ec2-user/stamp.fm/server/server.js:163:22)
    at callbacks (/home/ec2-user/stamp.fm/server/node_modules/express/lib/router/index.js:161:37)
    at param (/home/ec2-user/stamp.fm/server/node_modules/express/lib/router/index.js:135:11)
    at pass (/home/ec2-user/stamp.fm/server/node_modules/express/lib/router/index.js:142:5)
    at Router._dispatch (/home/ec2-user/stamp.fm/server/node_modules/express/lib/router/index.js:170:5)
    at Object.router (/home/ec2-user/stamp.fm/server/node_modules/express/lib/router/index.js:33:10)
    at Context.next (/home/ec2-user/stamp.fm/server/node_modules/express/node_modules/connect/lib/proto.js:190:15)
    at Context.actions.pass (/home/ec2-user/stamp.fm/server/node_modules/passport/lib/passport/context/http/actions.js:77:8)
    at SessionStrategy.authenticate (/home/ec2-user/stamp.fm/server/node_modules/passport/lib/passport/strategies/session.js:67:10)
    at attempt (/home/ec2-user/stamp.fm/server/node_modules/passport/lib/passport/middleware/authenticate.js:243:16)
TypeError: Cannot read property '0' of undefined
    at app.post.db.users.find.res.send.error (/home/ec2-user/stamp.fm/server/server.js:163:22)
    at callbacks (/home/ec2-user/stamp.fm/server/node_modules/express/lib/router/index.js:161:37)
    at param (/home/ec2-user/stamp.fm/server/node_modules/express/lib/router/index.js:135:11)
    at pass (/home/ec2-user/stamp.fm/server/node_modules/express/lib/router/index.js:142:5)
    at Router._dispatch (/home/ec2-user/stamp.fm/server/node_modules/express/lib/router/index.js:170:5)
    at Object.router (/home/ec2-user/stamp.fm/server/node_modules/express/lib/router/index.js:33:10)
    at Context.next (/home/ec2-user/stamp.fm/server/node_modules/express/node_modules/connect/lib/proto.js:190:15)
    at Context.actions.pass (/home/ec2-user/stamp.fm/server/node_modules/passport/lib/passport/context/http/actions.js:77:8)
    at SessionStrategy.authenticate (/home/ec2-user/stamp.fm/server/node_modules/passport/lib/passport/strategies/session.js:67:10)
    at attempt (/home/ec2-user/stamp.fm/server/node_modules/passport/lib/passport/middleware/authenticate.js:243:16)
TypeError: Cannot read property '0' of undefined
    at app.post.db.users.find.res.send.error (/home/ec2-user/stamp.fm/server/server.js:163:22)
    at callbacks (/home/ec2-user/stamp.fm/server/node_modules/express/lib/router/index.js:161:37)
    at param (/home/ec2-user/stamp.fm/server/node_modules/express/lib/router/index.js:135:11)
    at pass (/home/ec2-user/stamp.fm/server/node_modules/express/lib/router/index.js:142:5)
    at Router._dispatch (/home/ec2-user/stamp.fm/server/node_modules/express/lib/router/index.js:170:5)
    at Object.router (/home/ec2-user/stamp.fm/server/node_modules/express/lib/router/index.js:33:10)
    at Context.next (/home/ec2-user/stamp.fm/server/node_modules/express/node_modules/connect/lib/proto.js:190:15)
    at Context.actions.pass (/home/ec2-user/stamp.fm/server/node_modules/passport/lib/passport/context/http/actions.js:77:8)
    at SessionStrategy.authenticate (/home/ec2-user/stamp.fm/server/node_modules/passport/lib/passport/strategies/session.js:67:10)
    at attempt (/home/ec2-user/stamp.fm/server/node_modules/passport/lib/passport/middleware/authenticate.js:243:16)
TypeError: Cannot read property '0' of undefined
    at app.post.db.users.find.res.send.error (/home/ec2-user/stamp.fm/server/server.js:163:22)
    at callbacks (/home/ec2-user/stamp.fm/server/node_modules/express/lib/router/index.js:161:37)
    at param (/home/ec2-user/stamp.fm/server/node_modules/express/lib/router/index.js:135:11)
    at pass (/home/ec2-user/stamp.fm/server/node_modules/express/lib/router/index.js:142:5)
    at Router._dispatch (/home/ec2-user/stamp.fm/server/node_modules/express/lib/router/index.js:170:5)
    at Object.router (/home/ec2-user/stamp.fm/server/node_modules/express/lib/router/index.js:33:10)
    at Context.next (/home/ec2-user/stamp.fm/server/node_modules/express/node_modules/connect/lib/proto.js:190:15)
    at Context.actions.pass (/home/ec2-user/stamp.fm/server/node_modules/passport/lib/passport/context/http/actions.js:77:8)
    at SessionStrategy.authenticate (/home/ec2-user/stamp.fm/server/node_modules/passport/lib/passport/strategies/session.js:67:10)
    at attempt (/home/ec2-user/stamp.fm/server/node_modules/passport/lib/passport/middleware/authenticate.js:243:16)
TypeError: Cannot read property '0' of undefined
    at app.post.db.users.find.res.send.error (/home/ec2-user/stamp.fm/server/server.js:163:22)
    at callbacks (/home/ec2-user/stamp.fm/server/node_modules/express/lib/router/index.js:161:37)
    at param (/home/ec2-user/stamp.fm/server/node_modules/express/lib/router/index.js:135:11)
    at pass (/home/ec2-user/stamp.fm/server/node_modules/express/lib/router/index.js:142:5)
    at Router._dispatch (/home/ec2-user/stamp.fm/server/node_modules/express/lib/router/index.js:170:5)
    at Object.router (/home/ec2-user/stamp.fm/server/node_modules/express/lib/router/index.js:33:10)
    at Context.next (/home/ec2-user/stamp.fm/server/node_modules/express/node_modules/connect/lib/proto.js:190:15)
    at Context.actions.pass (/home/ec2-user/stamp.fm/server/node_modules/passport/lib/passport/context/http/actions.js:77:8)
    at SessionStrategy.authenticate (/home/ec2-user/stamp.fm/server/node_modules/passport/lib/passport/strategies/session.js:67:10)
    at attempt (/home/ec2-user/stamp.fm/server/node_modules/passport/lib/passport/middleware/authenticate.js:243:16)
TypeError: Cannot read property '0' of undefined
    at app.post.db.users.find.res.send.error (/home/ec2-user/stamp.fm/server/server.js:163:22)
    at callbacks (/home/ec2-user/stamp.fm/server/node_modules/express/lib/router/index.js:161:37)
    at param (/home/ec2-user/stamp.fm/server/node_modules/express/lib/router/index.js:135:11)
    at pass (/home/ec2-user/stamp.fm/server/node_modules/express/lib/router/index.js:142:5)
    at Router._dispatch (/home/ec2-user/stamp.fm/server/node_modules/express/lib/router/index.js:170:5)
    at Object.router (/home/ec2-user/stamp.fm/server/node_modules/express/lib/router/index.js:33:10)
    at Context.next (/home/ec2-user/stamp.fm/server/node_modules/express/node_modules/connect/lib/proto.js:190:15)
    at Context.actions.pass (/home/ec2-user/stamp.fm/server/node_modules/passport/lib/passport/context/http/actions.js:77:8)
    at SessionStrategy.authenticate (/home/ec2-user/stamp.fm/server/node_modules/passport/lib/passport/strategies/session.js:67:10)
    at attempt (/home/ec2-user/stamp.fm/server/node_modules/passport/lib/passport/middleware/authenticate.js:243:16)
TypeError: Cannot read property '0' of undefined
    at app.post.db.users.find.res.send.error (/home/ec2-user/stamp.fm/server/server.js:163:22)
    at callbacks (/home/ec2-user/stamp.fm/server/node_modules/express/lib/router/index.js:161:37)
    at param (/home/ec2-user/stamp.fm/server/node_modules/express/lib/router/index.js:135:11)
    at pass (/home/ec2-user/stamp.fm/server/node_modules/express/lib/router/index.js:142:5)
    at Router._dispatch (/home/ec2-user/stamp.fm/server/node_modules/express/lib/router/index.js:170:5)
    at Object.router (/home/ec2-user/stamp.fm/server/node_modules/express/lib/router/index.js:33:10)
    at Context.next (/home/ec2-user/stamp.fm/server/node_modules/express/node_modules/connect/lib/proto.js:190:15)
    at Context.actions.pass (/home/ec2-user/stamp.fm/server/node_modules/passport/lib/passport/context/http/actions.js:77:8)
    at SessionStrategy.authenticate (/home/ec2-user/stamp.fm/server/node_modules/passport/lib/passport/strategies/session.js:67:10)
    at attempt (/home/ec2-user/stamp.fm/server/node_modules/passport/lib/passport/middleware/authenticate.js:243:16)
TypeError: Cannot read property '0' of undefined
    at app.post.db.users.find.res.send.error (/home/ec2-user/stamp.fm/server/server.js:163:22)
    at callbacks (/home/ec2-user/stamp.fm/server/node_modules/express/lib/router/index.js:161:37)
    at param (/home/ec2-user/stamp.fm/server/node_modules/express/lib/router/index.js:135:11)
    at pass (/home/ec2-user/stamp.fm/server/node_modules/express/lib/router/index.js:142:5)
    at Router._dispatch (/home/ec2-user/stamp.fm/server/node_modules/express/lib/router/index.js:170:5)
    at Object.router (/home/ec2-user/stamp.fm/server/node_modules/express/lib/router/index.js:33:10)
    at Context.next (/home/ec2-user/stamp.fm/server/node_modules/express/node_modules/connect/lib/proto.js:190:15)
    at Context.actions.pass (/home/ec2-user/stamp.fm/server/node_modules/passport/lib/passport/context/http/actions.js:77:8)
    at SessionStrategy.authenticate (/home/ec2-user/stamp.fm/server/node_modules/passport/lib/passport/strategies/session.js:67:10)
    at attempt (/home/ec2-user/stamp.fm/server/node_modules/passport/lib/passport/middleware/authenticate.js:243:16)
TypeError: Cannot read property '0' of undefined
    at app.post.db.users.find.res.send.error (/home/ec2-user/stamp.fm/server/server.js:163:22)
    at callbacks (/home/ec2-user/stamp.fm/server/node_modules/express/lib/router/index.js:161:37)
    at param (/home/ec2-user/stamp.fm/server/node_modules/express/lib/router/index.js:135:11)
    at pass (/home/ec2-user/stamp.fm/server/node_modules/express/lib/router/index.js:142:5)
    at Router._dispatch (/home/ec2-user/stamp.fm/server/node_modules/express/lib/router/index.js:170:5)
    at Object.router (/home/ec2-user/stamp.fm/server/node_modules/express/lib/router/index.js:33:10)
    at Context.next (/home/ec2-user/stamp.fm/server/node_modules/express/node_modules/connect/lib/proto.js:190:15)
    at Context.actions.pass (/home/ec2-user/stamp.fm/server/node_modules/passport/lib/passport/context/http/actions.js:77:8)
    at SessionStrategy.authenticate (/home/ec2-user/stamp.fm/server/node_modules/passport/lib/passport/strategies/session.js:67:10)
    at attempt (/home/ec2-user/stamp.fm/server/node_modules/passport/lib/passport/middleware/authenticate.js:243:16)
TypeError: Cannot read property '0' of undefined
    at app.post.db.users.find.res.send.error (/home/ec2-user/stamp.fm/server/server.js:163:22)
    at callbacks (/home/ec2-user/stamp.fm/server/node_modules/express/lib/router/index.js:161:37)
    at param (/home/ec2-user/stamp.fm/server/node_modules/express/lib/router/index.js:135:11)
    at pass (/home/ec2-user/stamp.fm/server/node_modules/express/lib/router/index.js:142:5)
    at Router._dispatch (/home/ec2-user/stamp.fm/server/node_modules/express/lib/router/index.js:170:5)
    at Object.router (/home/ec2-user/stamp.fm/server/node_modules/express/lib/router/index.js:33:10)
    at Context.next (/home/ec2-user/stamp.fm/server/node_modules/express/node_modules/connect/lib/proto.js:190:15)
    at Context.actions.pass (/home/ec2-user/stamp.fm/server/node_modules/passport/lib/passport/context/http/actions.js:77:8)
    at SessionStrategy.authenticate (/home/ec2-user/stamp.fm/server/node_modules/passport/lib/passport/strategies/session.js:67:10)
    at attempt (/home/ec2-user/stamp.fm/server/node_modules/passport/lib/passport/middleware/authenticate.js:243:16)
TypeError: Cannot read property '0' of undefined
    at app.post.db.users.find.res.send.error (/home/ec2-user/stamp.fm/server/server.js:163:22)
    at callbacks (/home/ec2-user/stamp.fm/server/node_modules/express/lib/router/index.js:161:37)
    at param (/home/ec2-user/stamp.fm/server/node_modules/express/lib/router/index.js:135:11)
    at pass (/home/ec2-user/stamp.fm/server/node_modules/express/lib/router/index.js:142:5)
    at Router._dispatch (/home/ec2-user/stamp.fm/server/node_modules/express/lib/router/index.js:170:5)
    at Object.router (/home/ec2-user/stamp.fm/server/node_modules/express/lib/router/index.js:33:10)
    at Context.next (/home/ec2-user/stamp.fm/server/node_modules/express/node_modules/connect/lib/proto.js:190:15)
    at Context.actions.pass (/home/ec2-user/stamp.fm/server/node_modules/passport/lib/passport/context/http/actions.js:77:8)
    at SessionStrategy.authenticate (/home/ec2-user/stamp.fm/server/node_modules/passport/lib/passport/strategies/session.js:67:10)
    at attempt (/home/ec2-user/stamp.fm/server/node_modules/passport/lib/passport/middleware/authenticate.js:243:16)
