Server listening on port 8888
2
[ { _id: '630624101',
    date: 'July 8th 2013, 3:16:20 pm',
    email: 'kwang682@yahoo.com',
    name: 'Kristen Wang',
    pass: 'pass' } ]
undefined
https://fbcdn-profile-a.akamaihd.net/hprofile-ak-ash3/572896_630624101_839594325_n.jpg
https://fbcdn-profile-a.akamaihd.net/hprofile-ak-ash3/572896_630624101_839594325_n.jpg
https://fbcdn-profile-a.akamaihd.net/hprofile-ak-ash3/572896_630624101_839594325_n.jpg
[ { _id: '630624101',
    date: 'July 8th 2013, 3:16:20 pm',
    email: 'kwang682@yahoo.com',
    name: 'Kristen Wang',
    pass: 'pass' } ]
undefined
https://fbcdn-profile-a.akamaihd.net/hprofile-ak-ash3/572896_630624101_839594325_n.jpg
[ { _id: '630624101',
    date: 'July 8th 2013, 3:16:20 pm',
    email: 'kwang682@yahoo.com',
    name: 'Kristen Wang',
    pass: 'pass' } ]
undefined
https://fbcdn-profile-a.akamaihd.net/hprofile-ak-ash3/572896_630624101_839594325_n.jpg
[ { _id: '630624101',
    date: 'July 8th 2013, 3:16:20 pm',
    email: 'kwang682@yahoo.com',
    name: 'Kristen Wang',
    pass: 'pass' } ]
undefined
https://fbcdn-profile-a.akamaihd.net/hprofile-ak-ash3/572896_630624101_839594325_n.jpg
[ { _id: '630624101',
    date: 'July 8th 2013, 3:16:20 pm',
    email: 'kwang682@yahoo.com',
    name: 'Kristen Wang',
    pass: 'pass' } ]
undefined
https://fbcdn-profile-a.akamaihd.net/hprofile-ak-ash3/572896_630624101_839594325_n.jpg
